状态 107 冲突：1 项偏移/归约


语法

    0 $accept: Program $end

    1 Program: ExtDefList

    2 ExtDefList: ExtDef ExtDefList
    3           | ε

    4 ExtDef: Specifier ExtDecList SEMI
    5       | Specifier SEMI
    6       | Specifier FunDec CompSt

    7 ExtDecList: VarDec
    8           | VarDec COMMA ExtDecList

    9 Specifier: TYPE
   10          | StructSpecifier

   11 StructSpecifier: STRUCT OptTag LC DefList RC
   12                | STRUCT Tag

   13 OptTag: ID

   14 Tag: ID

   15 VarDec: ID
   16       | VarDec LB INT RB

   17 FunDec: ID LP VarList RP
   18       | ID LP RP

   19 VarList: ParamDec COMMA VarList
   20        | ParamDec

   21 ParamDec: Specifier VarDec

   22 CompSt: LC DefList StmtList RC

   23 StmtList: Stmt StmtList
   24         | ε

   25 Stmt: Exp SEMI
   26     | CompSt
   27     | RETURN Exp SEMI
   28     | IF LP Exp RP Stmt
   29     | IF LP Exp RP Stmt ELSE Stmt
   30     | WHILE LP Exp RP Stmt

   31 DefList: Def DefList
   32        | ε

   33 Def: Specifier DecList SEMI

   34 DecList: Dec
   35        | Dec COMMA DecList

   36 Dec: VarDec
   37    | VarDec ASSIGNOP Exp

   38 Exp: Exp ASSIGNOP Exp
   39    | Exp AND Exp
   40    | Exp OR Exp
   41    | Exp RELOP Exp
   42    | Exp PLUS Exp
   43    | Exp MINUS Exp
   44    | Exp STAR Exp
   45    | Exp DIV Exp
   46    | LP Exp RP
   47    | MINUS Exp
   48    | NOT Exp
   49    | ID LP Args RP
   50    | ID LP RP
   51    | Exp LB Exp RB
   52    | Exp DOT ID
   53    | ID
   54    | INT
   55    | FLOAT

   56 Args: Exp COMMA Args
   57     | Exp


终结语词，附有它们出现处的规则

    $end (0) 0
    error (256)
    INT <node> (258) 16 54
    FLOAT <node> (259) 55
    ID <node> (260) 13 14 15 17 18 49 50 52 53
    SEMI <node> (261) 4 5 25 27 33
    COMMA <node> (262) 8 19 35 56
    ASSIGNOP <node> (263) 37 38
    RELOP <node> (264) 41
    PLUS <node> (265) 42
    MINUS <node> (266) 43 47
    STAR <node> (267) 44
    DIV <node> (268) 45
    AND <node> (269) 39
    OR <node> (270) 40
    DOT <node> (271) 52
    NOT <node> (272) 48
    TYPE <node> (273) 9
    LP <node> (274) 17 18 28 29 30 46 49 50
    RP <node> (275) 17 18 28 29 30 46 49 50
    LB <node> (276) 16 51
    RB <node> (277) 16 51
    LC <node> (278) 11 22
    RC <node> (279) 11 22
    STRUCT <node> (280) 11 12
    RETURN <node> (281) 27
    IF <node> (282) 28 29
    ELSE <node> (283) 29
    WHILE <node> (284) 30


非终结语词，附有它们出现处的规则

    $accept (30)
        on left: 0
    Program <node> (31)
        on left: 1
        on right: 0
    ExtDefList <node> (32)
        on left: 2 3
        on right: 1 2
    ExtDef <node> (33)
        on left: 4 5 6
        on right: 2
    ExtDecList <node> (34)
        on left: 7 8
        on right: 4 8
    Specifier <node> (35)
        on left: 9 10
        on right: 4 5 6 21 33
    StructSpecifier <node> (36)
        on left: 11 12
        on right: 10
    OptTag <node> (37)
        on left: 13
        on right: 11
    Tag <node> (38)
        on left: 14
        on right: 12
    VarDec <node> (39)
        on left: 15 16
        on right: 7 8 16 21 36 37
    FunDec <node> (40)
        on left: 17 18
        on right: 6
    VarList <node> (41)
        on left: 19 20
        on right: 17 19
    ParamDec <node> (42)
        on left: 21
        on right: 19 20
    CompSt <node> (43)
        on left: 22
        on right: 6 26
    StmtList <node> (44)
        on left: 23 24
        on right: 22 23
    Stmt <node> (45)
        on left: 25 26 27 28 29 30
        on right: 23 28 29 30
    DefList <node> (46)
        on left: 31 32
        on right: 11 22 31
    Def <node> (47)
        on left: 33
        on right: 31
    DecList <node> (48)
        on left: 34 35
        on right: 33 35
    Dec <node> (49)
        on left: 36 37
        on right: 34 35
    Exp <node> (50)
        on left: 38 39 40 41 42 43 44 45 46 47 48 49 50 51 52 53 54 55
        on right: 25 27 28 29 30 37 38 39 40 41 42 43 44 45 46 47 48 51 52 56 57
    Args <node> (51)
        on left: 56 57
        on right: 49 56


状态 0

    0 $accept: • Program $end

    TYPE    偏移，并进入状态 1
    STRUCT  偏移，并进入状态 2

    $default  使用规则 3 以归约 (ExtDefList)

    Program          转到状态 3
    ExtDefList       转到状态 4
    ExtDef           转到状态 5
    Specifier        转到状态 6
    StructSpecifier  转到状态 7


状态 1

    9 Specifier: TYPE •

    $default  使用规则 9 以归约 (Specifier)


状态 2

   11 StructSpecifier: STRUCT • OptTag LC DefList RC
   12                | STRUCT • Tag

    ID  偏移，并进入状态 8

    OptTag  转到状态 9
    Tag     转到状态 10


状态 3

    0 $accept: Program • $end

    $end  偏移，并进入状态 11


状态 4

    1 Program: ExtDefList •

    $default  使用规则 1 以归约 (Program)


状态 5

    2 ExtDefList: ExtDef • ExtDefList

    TYPE    偏移，并进入状态 1
    STRUCT  偏移，并进入状态 2

    $default  使用规则 3 以归约 (ExtDefList)

    ExtDefList       转到状态 12
    ExtDef           转到状态 5
    Specifier        转到状态 6
    StructSpecifier  转到状态 7


状态 6

    4 ExtDef: Specifier • ExtDecList SEMI
    5       | Specifier • SEMI
    6       | Specifier • FunDec CompSt

    ID    偏移，并进入状态 13
    SEMI  偏移，并进入状态 14

    ExtDecList  转到状态 15
    VarDec      转到状态 16
    FunDec      转到状态 17


状态 7

   10 Specifier: StructSpecifier •

    $default  使用规则 10 以归约 (Specifier)


状态 8

   13 OptTag: ID •
   14 Tag: ID •

    LC        使用规则 13 以归约 (OptTag)
    $default  使用规则 14 以归约 (Tag)


状态 9

   11 StructSpecifier: STRUCT OptTag • LC DefList RC

    LC  偏移，并进入状态 18


状态 10

   12 StructSpecifier: STRUCT Tag •

    $default  使用规则 12 以归约 (StructSpecifier)


状态 11

    0 $accept: Program $end •

    $default  接受


状态 12

    2 ExtDefList: ExtDef ExtDefList •

    $default  使用规则 2 以归约 (ExtDefList)


状态 13

   15 VarDec: ID •
   17 FunDec: ID • LP VarList RP
   18       | ID • LP RP

    LP  偏移，并进入状态 19

    $default  使用规则 15 以归约 (VarDec)


状态 14

    5 ExtDef: Specifier SEMI •

    $default  使用规则 5 以归约 (ExtDef)


状态 15

    4 ExtDef: Specifier ExtDecList • SEMI

    SEMI  偏移，并进入状态 20


状态 16

    7 ExtDecList: VarDec •
    8           | VarDec • COMMA ExtDecList
   16 VarDec: VarDec • LB INT RB

    COMMA  偏移，并进入状态 21
    LB     偏移，并进入状态 22

    $default  使用规则 7 以归约 (ExtDecList)


状态 17

    6 ExtDef: Specifier FunDec • CompSt

    LC  偏移，并进入状态 23

    CompSt  转到状态 24


状态 18

   11 StructSpecifier: STRUCT OptTag LC • DefList RC

    TYPE    偏移，并进入状态 1
    STRUCT  偏移，并进入状态 2

    $default  使用规则 32 以归约 (DefList)

    Specifier        转到状态 25
    StructSpecifier  转到状态 7
    DefList          转到状态 26
    Def              转到状态 27


状态 19

   17 FunDec: ID LP • VarList RP
   18       | ID LP • RP

    TYPE    偏移，并进入状态 1
    RP      偏移，并进入状态 28
    STRUCT  偏移，并进入状态 2

    Specifier        转到状态 29
    StructSpecifier  转到状态 7
    VarList          转到状态 30
    ParamDec         转到状态 31


状态 20

    4 ExtDef: Specifier ExtDecList SEMI •

    $default  使用规则 4 以归约 (ExtDef)


状态 21

    8 ExtDecList: VarDec COMMA • ExtDecList

    ID  偏移，并进入状态 32

    ExtDecList  转到状态 33
    VarDec      转到状态 16


状态 22

   16 VarDec: VarDec LB • INT RB

    INT  偏移，并进入状态 34


状态 23

   22 CompSt: LC • DefList StmtList RC

    TYPE    偏移，并进入状态 1
    STRUCT  偏移，并进入状态 2

    $default  使用规则 32 以归约 (DefList)

    Specifier        转到状态 25
    StructSpecifier  转到状态 7
    DefList          转到状态 35
    Def              转到状态 27


状态 24

    6 ExtDef: Specifier FunDec CompSt •

    $default  使用规则 6 以归约 (ExtDef)


状态 25

   33 Def: Specifier • DecList SEMI

    ID  偏移，并进入状态 32

    VarDec   转到状态 36
    DecList  转到状态 37
    Dec      转到状态 38


状态 26

   11 StructSpecifier: STRUCT OptTag LC DefList • RC

    RC  偏移，并进入状态 39


状态 27

   31 DefList: Def • DefList

    TYPE    偏移，并进入状态 1
    STRUCT  偏移，并进入状态 2

    $default  使用规则 32 以归约 (DefList)

    Specifier        转到状态 25
    StructSpecifier  转到状态 7
    DefList          转到状态 40
    Def              转到状态 27


状态 28

   18 FunDec: ID LP RP •

    $default  使用规则 18 以归约 (FunDec)


状态 29

   21 ParamDec: Specifier • VarDec

    ID  偏移，并进入状态 32

    VarDec  转到状态 41


状态 30

   17 FunDec: ID LP VarList • RP

    RP  偏移，并进入状态 42


状态 31

   19 VarList: ParamDec • COMMA VarList
   20        | ParamDec •

    COMMA  偏移，并进入状态 43

    $default  使用规则 20 以归约 (VarList)


状态 32

   15 VarDec: ID •

    $default  使用规则 15 以归约 (VarDec)


状态 33

    8 ExtDecList: VarDec COMMA ExtDecList •

    $default  使用规则 8 以归约 (ExtDecList)


状态 34

   16 VarDec: VarDec LB INT • RB

    RB  偏移，并进入状态 44


状态 35

   22 CompSt: LC DefList • StmtList RC

    INT     偏移，并进入状态 45
    FLOAT   偏移，并进入状态 46
    ID      偏移，并进入状态 47
    MINUS   偏移，并进入状态 48
    NOT     偏移，并进入状态 49
    LP      偏移，并进入状态 50
    LC      偏移，并进入状态 23
    RETURN  偏移，并进入状态 51
    IF      偏移，并进入状态 52
    WHILE   偏移，并进入状态 53

    $default  使用规则 24 以归约 (StmtList)

    CompSt    转到状态 54
    StmtList  转到状态 55
    Stmt      转到状态 56
    Exp       转到状态 57


状态 36

   16 VarDec: VarDec • LB INT RB
   36 Dec: VarDec •
   37    | VarDec • ASSIGNOP Exp

    ASSIGNOP  偏移，并进入状态 58
    LB        偏移，并进入状态 22

    $default  使用规则 36 以归约 (Dec)


状态 37

   33 Def: Specifier DecList • SEMI

    SEMI  偏移，并进入状态 59


状态 38

   34 DecList: Dec •
   35        | Dec • COMMA DecList

    COMMA  偏移，并进入状态 60

    $default  使用规则 34 以归约 (DecList)


状态 39

   11 StructSpecifier: STRUCT OptTag LC DefList RC •

    $default  使用规则 11 以归约 (StructSpecifier)


状态 40

   31 DefList: Def DefList •

    $default  使用规则 31 以归约 (DefList)


状态 41

   16 VarDec: VarDec • LB INT RB
   21 ParamDec: Specifier VarDec •

    LB  偏移，并进入状态 22

    $default  使用规则 21 以归约 (ParamDec)


状态 42

   17 FunDec: ID LP VarList RP •

    $default  使用规则 17 以归约 (FunDec)


状态 43

   19 VarList: ParamDec COMMA • VarList

    TYPE    偏移，并进入状态 1
    STRUCT  偏移，并进入状态 2

    Specifier        转到状态 29
    StructSpecifier  转到状态 7
    VarList          转到状态 61
    ParamDec         转到状态 31


状态 44

   16 VarDec: VarDec LB INT RB •

    $default  使用规则 16 以归约 (VarDec)


状态 45

   54 Exp: INT •

    $default  使用规则 54 以归约 (Exp)


状态 46

   55 Exp: FLOAT •

    $default  使用规则 55 以归约 (Exp)


状态 47

   49 Exp: ID • LP Args RP
   50    | ID • LP RP
   53    | ID •

    LP  偏移，并进入状态 62

    $default  使用规则 53 以归约 (Exp)


状态 48

   47 Exp: MINUS • Exp

    INT    偏移，并进入状态 45
    FLOAT  偏移，并进入状态 46
    ID     偏移，并进入状态 47
    MINUS  偏移，并进入状态 48
    NOT    偏移，并进入状态 49
    LP     偏移，并进入状态 50

    Exp  转到状态 63


状态 49

   48 Exp: NOT • Exp

    INT    偏移，并进入状态 45
    FLOAT  偏移，并进入状态 46
    ID     偏移，并进入状态 47
    MINUS  偏移，并进入状态 48
    NOT    偏移，并进入状态 49
    LP     偏移，并进入状态 50

    Exp  转到状态 64


状态 50

   46 Exp: LP • Exp RP

    INT    偏移，并进入状态 45
    FLOAT  偏移，并进入状态 46
    ID     偏移，并进入状态 47
    MINUS  偏移，并进入状态 48
    NOT    偏移，并进入状态 49
    LP     偏移，并进入状态 50

    Exp  转到状态 65


状态 51

   27 Stmt: RETURN • Exp SEMI

    INT    偏移，并进入状态 45
    FLOAT  偏移，并进入状态 46
    ID     偏移，并进入状态 47
    MINUS  偏移，并进入状态 48
    NOT    偏移，并进入状态 49
    LP     偏移，并进入状态 50

    Exp  转到状态 66


状态 52

   28 Stmt: IF • LP Exp RP Stmt
   29     | IF • LP Exp RP Stmt ELSE Stmt

    LP  偏移，并进入状态 67


状态 53

   30 Stmt: WHILE • LP Exp RP Stmt

    LP  偏移，并进入状态 68


状态 54

   26 Stmt: CompSt •

    $default  使用规则 26 以归约 (Stmt)


状态 55

   22 CompSt: LC DefList StmtList • RC

    RC  偏移，并进入状态 69


状态 56

   23 StmtList: Stmt • StmtList

    INT     偏移，并进入状态 45
    FLOAT   偏移，并进入状态 46
    ID      偏移，并进入状态 47
    MINUS   偏移，并进入状态 48
    NOT     偏移，并进入状态 49
    LP      偏移，并进入状态 50
    LC      偏移，并进入状态 23
    RETURN  偏移，并进入状态 51
    IF      偏移，并进入状态 52
    WHILE   偏移，并进入状态 53

    $default  使用规则 24 以归约 (StmtList)

    CompSt    转到状态 54
    StmtList  转到状态 70
    Stmt      转到状态 56
    Exp       转到状态 57


状态 57

   25 Stmt: Exp • SEMI
   38 Exp: Exp • ASSIGNOP Exp
   39    | Exp • AND Exp
   40    | Exp • OR Exp
   41    | Exp • RELOP Exp
   42    | Exp • PLUS Exp
   43    | Exp • MINUS Exp
   44    | Exp • STAR Exp
   45    | Exp • DIV Exp
   51    | Exp • LB Exp RB
   52    | Exp • DOT ID

    SEMI      偏移，并进入状态 71
    ASSIGNOP  偏移，并进入状态 72
    RELOP     偏移，并进入状态 73
    PLUS      偏移，并进入状态 74
    MINUS     偏移，并进入状态 75
    STAR      偏移，并进入状态 76
    DIV       偏移，并进入状态 77
    AND       偏移，并进入状态 78
    OR        偏移，并进入状态 79
    DOT       偏移，并进入状态 80
    LB        偏移，并进入状态 81


状态 58

   37 Dec: VarDec ASSIGNOP • Exp

    INT    偏移，并进入状态 45
    FLOAT  偏移，并进入状态 46
    ID     偏移，并进入状态 47
    MINUS  偏移，并进入状态 48
    NOT    偏移，并进入状态 49
    LP     偏移，并进入状态 50

    Exp  转到状态 82


状态 59

   33 Def: Specifier DecList SEMI •

    $default  使用规则 33 以归约 (Def)


状态 60

   35 DecList: Dec COMMA • DecList

    ID  偏移，并进入状态 32

    VarDec   转到状态 36
    DecList  转到状态 83
    Dec      转到状态 38


状态 61

   19 VarList: ParamDec COMMA VarList •

    $default  使用规则 19 以归约 (VarList)


状态 62

   49 Exp: ID LP • Args RP
   50    | ID LP • RP

    INT    偏移，并进入状态 45
    FLOAT  偏移，并进入状态 46
    ID     偏移，并进入状态 47
    MINUS  偏移，并进入状态 48
    NOT    偏移，并进入状态 49
    LP     偏移，并进入状态 50
    RP     偏移，并进入状态 84

    Exp   转到状态 85
    Args  转到状态 86


状态 63

   38 Exp: Exp • ASSIGNOP Exp
   39    | Exp • AND Exp
   40    | Exp • OR Exp
   41    | Exp • RELOP Exp
   42    | Exp • PLUS Exp
   43    | Exp • MINUS Exp
   44    | Exp • STAR Exp
   45    | Exp • DIV Exp
   47    | MINUS Exp •
   51    | Exp • LB Exp RB
   52    | Exp • DOT ID

    STAR  偏移，并进入状态 76
    DIV   偏移，并进入状态 77
    DOT   偏移，并进入状态 80
    LB    偏移，并进入状态 81

    $default  使用规则 47 以归约 (Exp)


状态 64

   38 Exp: Exp • ASSIGNOP Exp
   39    | Exp • AND Exp
   40    | Exp • OR Exp
   41    | Exp • RELOP Exp
   42    | Exp • PLUS Exp
   43    | Exp • MINUS Exp
   44    | Exp • STAR Exp
   45    | Exp • DIV Exp
   48    | NOT Exp •
   51    | Exp • LB Exp RB
   52    | Exp • DOT ID

    DOT  偏移，并进入状态 80
    LB   偏移，并进入状态 81

    $default  使用规则 48 以归约 (Exp)


状态 65

   38 Exp: Exp • ASSIGNOP Exp
   39    | Exp • AND Exp
   40    | Exp • OR Exp
   41    | Exp • RELOP Exp
   42    | Exp • PLUS Exp
   43    | Exp • MINUS Exp
   44    | Exp • STAR Exp
   45    | Exp • DIV Exp
   46    | LP Exp • RP
   51    | Exp • LB Exp RB
   52    | Exp • DOT ID

    ASSIGNOP  偏移，并进入状态 72
    RELOP     偏移，并进入状态 73
    PLUS      偏移，并进入状态 74
    MINUS     偏移，并进入状态 75
    STAR      偏移，并进入状态 76
    DIV       偏移，并进入状态 77
    AND       偏移，并进入状态 78
    OR        偏移，并进入状态 79
    DOT       偏移，并进入状态 80
    RP        偏移，并进入状态 87
    LB        偏移，并进入状态 81


状态 66

   27 Stmt: RETURN Exp • SEMI
   38 Exp: Exp • ASSIGNOP Exp
   39    | Exp • AND Exp
   40    | Exp • OR Exp
   41    | Exp • RELOP Exp
   42    | Exp • PLUS Exp
   43    | Exp • MINUS Exp
   44    | Exp • STAR Exp
   45    | Exp • DIV Exp
   51    | Exp • LB Exp RB
   52    | Exp • DOT ID

    SEMI      偏移，并进入状态 88
    ASSIGNOP  偏移，并进入状态 72
    RELOP     偏移，并进入状态 73
    PLUS      偏移，并进入状态 74
    MINUS     偏移，并进入状态 75
    STAR      偏移，并进入状态 76
    DIV       偏移，并进入状态 77
    AND       偏移，并进入状态 78
    OR        偏移，并进入状态 79
    DOT       偏移，并进入状态 80
    LB        偏移，并进入状态 81


状态 67

   28 Stmt: IF LP • Exp RP Stmt
   29     | IF LP • Exp RP Stmt ELSE Stmt

    INT    偏移，并进入状态 45
    FLOAT  偏移，并进入状态 46
    ID     偏移，并进入状态 47
    MINUS  偏移，并进入状态 48
    NOT    偏移，并进入状态 49
    LP     偏移，并进入状态 50

    Exp  转到状态 89


状态 68

   30 Stmt: WHILE LP • Exp RP Stmt

    INT    偏移，并进入状态 45
    FLOAT  偏移，并进入状态 46
    ID     偏移，并进入状态 47
    MINUS  偏移，并进入状态 48
    NOT    偏移，并进入状态 49
    LP     偏移，并进入状态 50

    Exp  转到状态 90


状态 69

   22 CompSt: LC DefList StmtList RC •

    $default  使用规则 22 以归约 (CompSt)


状态 70

   23 StmtList: Stmt StmtList •

    $default  使用规则 23 以归约 (StmtList)


状态 71

   25 Stmt: Exp SEMI •

    $default  使用规则 25 以归约 (Stmt)


状态 72

   38 Exp: Exp ASSIGNOP • Exp

    INT    偏移，并进入状态 45
    FLOAT  偏移，并进入状态 46
    ID     偏移，并进入状态 47
    MINUS  偏移，并进入状态 48
    NOT    偏移，并进入状态 49
    LP     偏移，并进入状态 50

    Exp  转到状态 91


状态 73

   41 Exp: Exp RELOP • Exp

    INT    偏移，并进入状态 45
    FLOAT  偏移，并进入状态 46
    ID     偏移，并进入状态 47
    MINUS  偏移，并进入状态 48
    NOT    偏移，并进入状态 49
    LP     偏移，并进入状态 50

    Exp  转到状态 92


状态 74

   42 Exp: Exp PLUS • Exp

    INT    偏移，并进入状态 45
    FLOAT  偏移，并进入状态 46
    ID     偏移，并进入状态 47
    MINUS  偏移，并进入状态 48
    NOT    偏移，并进入状态 49
    LP     偏移，并进入状态 50

    Exp  转到状态 93


状态 75

   43 Exp: Exp MINUS • Exp

    INT    偏移，并进入状态 45
    FLOAT  偏移，并进入状态 46
    ID     偏移，并进入状态 47
    MINUS  偏移，并进入状态 48
    NOT    偏移，并进入状态 49
    LP     偏移，并进入状态 50

    Exp  转到状态 94


状态 76

   44 Exp: Exp STAR • Exp

    INT    偏移，并进入状态 45
    FLOAT  偏移，并进入状态 46
    ID     偏移，并进入状态 47
    MINUS  偏移，并进入状态 48
    NOT    偏移，并进入状态 49
    LP     偏移，并进入状态 50

    Exp  转到状态 95


状态 77

   45 Exp: Exp DIV • Exp

    INT    偏移，并进入状态 45
    FLOAT  偏移，并进入状态 46
    ID     偏移，并进入状态 47
    MINUS  偏移，并进入状态 48
    NOT    偏移，并进入状态 49
    LP     偏移，并进入状态 50

    Exp  转到状态 96


状态 78

   39 Exp: Exp AND • Exp

    INT    偏移，并进入状态 45
    FLOAT  偏移，并进入状态 46
    ID     偏移，并进入状态 47
    MINUS  偏移，并进入状态 48
    NOT    偏移，并进入状态 49
    LP     偏移，并进入状态 50

    Exp  转到状态 97


状态 79

   40 Exp: Exp OR • Exp

    INT    偏移，并进入状态 45
    FLOAT  偏移，并进入状态 46
    ID     偏移，并进入状态 47
    MINUS  偏移，并进入状态 48
    NOT    偏移，并进入状态 49
    LP     偏移，并进入状态 50

    Exp  转到状态 98


状态 80

   52 Exp: Exp DOT • ID

    ID  偏移，并进入状态 99


状态 81

   51 Exp: Exp LB • Exp RB

    INT    偏移，并进入状态 45
    FLOAT  偏移，并进入状态 46
    ID     偏移，并进入状态 47
    MINUS  偏移，并进入状态 48
    NOT    偏移，并进入状态 49
    LP     偏移，并进入状态 50

    Exp  转到状态 100


状态 82

   37 Dec: VarDec ASSIGNOP Exp •
   38 Exp: Exp • ASSIGNOP Exp
   39    | Exp • AND Exp
   40    | Exp • OR Exp
   41    | Exp • RELOP Exp
   42    | Exp • PLUS Exp
   43    | Exp • MINUS Exp
   44    | Exp • STAR Exp
   45    | Exp • DIV Exp
   51    | Exp • LB Exp RB
   52    | Exp • DOT ID

    ASSIGNOP  偏移，并进入状态 72
    RELOP     偏移，并进入状态 73
    PLUS      偏移，并进入状态 74
    MINUS     偏移，并进入状态 75
    STAR      偏移，并进入状态 76
    DIV       偏移，并进入状态 77
    AND       偏移，并进入状态 78
    OR        偏移，并进入状态 79
    DOT       偏移，并进入状态 80
    LB        偏移，并进入状态 81

    $default  使用规则 37 以归约 (Dec)


状态 83

   35 DecList: Dec COMMA DecList •

    $default  使用规则 35 以归约 (DecList)


状态 84

   50 Exp: ID LP RP •

    $default  使用规则 50 以归约 (Exp)


状态 85

   38 Exp: Exp • ASSIGNOP Exp
   39    | Exp • AND Exp
   40    | Exp • OR Exp
   41    | Exp • RELOP Exp
   42    | Exp • PLUS Exp
   43    | Exp • MINUS Exp
   44    | Exp • STAR Exp
   45    | Exp • DIV Exp
   51    | Exp • LB Exp RB
   52    | Exp • DOT ID
   56 Args: Exp • COMMA Args
   57     | Exp •

    COMMA     偏移，并进入状态 101
    ASSIGNOP  偏移，并进入状态 72
    RELOP     偏移，并进入状态 73
    PLUS      偏移，并进入状态 74
    MINUS     偏移，并进入状态 75
    STAR      偏移，并进入状态 76
    DIV       偏移，并进入状态 77
    AND       偏移，并进入状态 78
    OR        偏移，并进入状态 79
    DOT       偏移，并进入状态 80
    LB        偏移，并进入状态 81

    $default  使用规则 57 以归约 (Args)


状态 86

   49 Exp: ID LP Args • RP

    RP  偏移，并进入状态 102


状态 87

   46 Exp: LP Exp RP •

    $default  使用规则 46 以归约 (Exp)


状态 88

   27 Stmt: RETURN Exp SEMI •

    $default  使用规则 27 以归约 (Stmt)


状态 89

   28 Stmt: IF LP Exp • RP Stmt
   29     | IF LP Exp • RP Stmt ELSE Stmt
   38 Exp: Exp • ASSIGNOP Exp
   39    | Exp • AND Exp
   40    | Exp • OR Exp
   41    | Exp • RELOP Exp
   42    | Exp • PLUS Exp
   43    | Exp • MINUS Exp
   44    | Exp • STAR Exp
   45    | Exp • DIV Exp
   51    | Exp • LB Exp RB
   52    | Exp • DOT ID

    ASSIGNOP  偏移，并进入状态 72
    RELOP     偏移，并进入状态 73
    PLUS      偏移，并进入状态 74
    MINUS     偏移，并进入状态 75
    STAR      偏移，并进入状态 76
    DIV       偏移，并进入状态 77
    AND       偏移，并进入状态 78
    OR        偏移，并进入状态 79
    DOT       偏移，并进入状态 80
    RP        偏移，并进入状态 103
    LB        偏移，并进入状态 81


状态 90

   30 Stmt: WHILE LP Exp • RP Stmt
   38 Exp: Exp • ASSIGNOP Exp
   39    | Exp • AND Exp
   40    | Exp • OR Exp
   41    | Exp • RELOP Exp
   42    | Exp • PLUS Exp
   43    | Exp • MINUS Exp
   44    | Exp • STAR Exp
   45    | Exp • DIV Exp
   51    | Exp • LB Exp RB
   52    | Exp • DOT ID

    ASSIGNOP  偏移，并进入状态 72
    RELOP     偏移，并进入状态 73
    PLUS      偏移，并进入状态 74
    MINUS     偏移，并进入状态 75
    STAR      偏移，并进入状态 76
    DIV       偏移，并进入状态 77
    AND       偏移，并进入状态 78
    OR        偏移，并进入状态 79
    DOT       偏移，并进入状态 80
    RP        偏移，并进入状态 104
    LB        偏移，并进入状态 81


状态 91

   38 Exp: Exp • ASSIGNOP Exp
   38    | Exp ASSIGNOP Exp •
   39    | Exp • AND Exp
   40    | Exp • OR Exp
   41    | Exp • RELOP Exp
   42    | Exp • PLUS Exp
   43    | Exp • MINUS Exp
   44    | Exp • STAR Exp
   45    | Exp • DIV Exp
   51    | Exp • LB Exp RB
   52    | Exp • DOT ID

    ASSIGNOP  偏移，并进入状态 72
    RELOP     偏移，并进入状态 73
    PLUS      偏移，并进入状态 74
    MINUS     偏移，并进入状态 75
    STAR      偏移，并进入状态 76
    DIV       偏移，并进入状态 77
    AND       偏移，并进入状态 78
    OR        偏移，并进入状态 79
    DOT       偏移，并进入状态 80
    LB        偏移，并进入状态 81

    $default  使用规则 38 以归约 (Exp)


状态 92

   38 Exp: Exp • ASSIGNOP Exp
   39    | Exp • AND Exp
   40    | Exp • OR Exp
   41    | Exp • RELOP Exp
   41    | Exp RELOP Exp •
   42    | Exp • PLUS Exp
   43    | Exp • MINUS Exp
   44    | Exp • STAR Exp
   45    | Exp • DIV Exp
   51    | Exp • LB Exp RB
   52    | Exp • DOT ID

    PLUS   偏移，并进入状态 74
    MINUS  偏移，并进入状态 75
    STAR   偏移，并进入状态 76
    DIV    偏移，并进入状态 77
    DOT    偏移，并进入状态 80
    LB     偏移，并进入状态 81

    $default  使用规则 41 以归约 (Exp)


状态 93

   38 Exp: Exp • ASSIGNOP Exp
   39    | Exp • AND Exp
   40    | Exp • OR Exp
   41    | Exp • RELOP Exp
   42    | Exp • PLUS Exp
   42    | Exp PLUS Exp •
   43    | Exp • MINUS Exp
   44    | Exp • STAR Exp
   45    | Exp • DIV Exp
   51    | Exp • LB Exp RB
   52    | Exp • DOT ID

    STAR  偏移，并进入状态 76
    DIV   偏移，并进入状态 77
    DOT   偏移，并进入状态 80
    LB    偏移，并进入状态 81

    $default  使用规则 42 以归约 (Exp)


状态 94

   38 Exp: Exp • ASSIGNOP Exp
   39    | Exp • AND Exp
   40    | Exp • OR Exp
   41    | Exp • RELOP Exp
   42    | Exp • PLUS Exp
   43    | Exp • MINUS Exp
   43    | Exp MINUS Exp •
   44    | Exp • STAR Exp
   45    | Exp • DIV Exp
   51    | Exp • LB Exp RB
   52    | Exp • DOT ID

    STAR  偏移，并进入状态 76
    DIV   偏移，并进入状态 77
    DOT   偏移，并进入状态 80
    LB    偏移，并进入状态 81

    $default  使用规则 43 以归约 (Exp)


状态 95

   38 Exp: Exp • ASSIGNOP Exp
   39    | Exp • AND Exp
   40    | Exp • OR Exp
   41    | Exp • RELOP Exp
   42    | Exp • PLUS Exp
   43    | Exp • MINUS Exp
   44    | Exp • STAR Exp
   44    | Exp STAR Exp •
   45    | Exp • DIV Exp
   51    | Exp • LB Exp RB
   52    | Exp • DOT ID

    DOT  偏移，并进入状态 80
    LB   偏移，并进入状态 81

    $default  使用规则 44 以归约 (Exp)


状态 96

   38 Exp: Exp • ASSIGNOP Exp
   39    | Exp • AND Exp
   40    | Exp • OR Exp
   41    | Exp • RELOP Exp
   42    | Exp • PLUS Exp
   43    | Exp • MINUS Exp
   44    | Exp • STAR Exp
   45    | Exp • DIV Exp
   45    | Exp DIV Exp •
   51    | Exp • LB Exp RB
   52    | Exp • DOT ID

    DOT  偏移，并进入状态 80
    LB   偏移，并进入状态 81

    $default  使用规则 45 以归约 (Exp)


状态 97

   38 Exp: Exp • ASSIGNOP Exp
   39    | Exp • AND Exp
   39    | Exp AND Exp •
   40    | Exp • OR Exp
   41    | Exp • RELOP Exp
   42    | Exp • PLUS Exp
   43    | Exp • MINUS Exp
   44    | Exp • STAR Exp
   45    | Exp • DIV Exp
   51    | Exp • LB Exp RB
   52    | Exp • DOT ID

    RELOP  偏移，并进入状态 73
    PLUS   偏移，并进入状态 74
    MINUS  偏移，并进入状态 75
    STAR   偏移，并进入状态 76
    DIV    偏移，并进入状态 77
    OR     偏移，并进入状态 79
    DOT    偏移，并进入状态 80
    LB     偏移，并进入状态 81

    $default  使用规则 39 以归约 (Exp)


状态 98

   38 Exp: Exp • ASSIGNOP Exp
   39    | Exp • AND Exp
   40    | Exp • OR Exp
   40    | Exp OR Exp •
   41    | Exp • RELOP Exp
   42    | Exp • PLUS Exp
   43    | Exp • MINUS Exp
   44    | Exp • STAR Exp
   45    | Exp • DIV Exp
   51    | Exp • LB Exp RB
   52    | Exp • DOT ID

    RELOP  偏移，并进入状态 73
    PLUS   偏移，并进入状态 74
    MINUS  偏移，并进入状态 75
    STAR   偏移，并进入状态 76
    DIV    偏移，并进入状态 77
    DOT    偏移，并进入状态 80
    LB     偏移，并进入状态 81

    $default  使用规则 40 以归约 (Exp)


状态 99

   52 Exp: Exp DOT ID •

    $default  使用规则 52 以归约 (Exp)


状态 100

   38 Exp: Exp • ASSIGNOP Exp
   39    | Exp • AND Exp
   40    | Exp • OR Exp
   41    | Exp • RELOP Exp
   42    | Exp • PLUS Exp
   43    | Exp • MINUS Exp
   44    | Exp • STAR Exp
   45    | Exp • DIV Exp
   51    | Exp • LB Exp RB
   51    | Exp LB Exp • RB
   52    | Exp • DOT ID

    ASSIGNOP  偏移，并进入状态 72
    RELOP     偏移，并进入状态 73
    PLUS      偏移，并进入状态 74
    MINUS     偏移，并进入状态 75
    STAR      偏移，并进入状态 76
    DIV       偏移，并进入状态 77
    AND       偏移，并进入状态 78
    OR        偏移，并进入状态 79
    DOT       偏移，并进入状态 80
    LB        偏移，并进入状态 81
    RB        偏移，并进入状态 105


状态 101

   56 Args: Exp COMMA • Args

    INT    偏移，并进入状态 45
    FLOAT  偏移，并进入状态 46
    ID     偏移，并进入状态 47
    MINUS  偏移，并进入状态 48
    NOT    偏移，并进入状态 49
    LP     偏移，并进入状态 50

    Exp   转到状态 85
    Args  转到状态 106


状态 102

   49 Exp: ID LP Args RP •

    $default  使用规则 49 以归约 (Exp)


状态 103

   28 Stmt: IF LP Exp RP • Stmt
   29     | IF LP Exp RP • Stmt ELSE Stmt

    INT     偏移，并进入状态 45
    FLOAT   偏移，并进入状态 46
    ID      偏移，并进入状态 47
    MINUS   偏移，并进入状态 48
    NOT     偏移，并进入状态 49
    LP      偏移，并进入状态 50
    LC      偏移，并进入状态 23
    RETURN  偏移，并进入状态 51
    IF      偏移，并进入状态 52
    WHILE   偏移，并进入状态 53

    CompSt  转到状态 54
    Stmt    转到状态 107
    Exp     转到状态 57


状态 104

   30 Stmt: WHILE LP Exp RP • Stmt

    INT     偏移，并进入状态 45
    FLOAT   偏移，并进入状态 46
    ID      偏移，并进入状态 47
    MINUS   偏移，并进入状态 48
    NOT     偏移，并进入状态 49
    LP      偏移，并进入状态 50
    LC      偏移，并进入状态 23
    RETURN  偏移，并进入状态 51
    IF      偏移，并进入状态 52
    WHILE   偏移，并进入状态 53

    CompSt  转到状态 54
    Stmt    转到状态 108
    Exp     转到状态 57


状态 105

   51 Exp: Exp LB Exp RB •

    $default  使用规则 51 以归约 (Exp)


状态 106

   56 Args: Exp COMMA Args •

    $default  使用规则 56 以归约 (Args)


状态 107

   28 Stmt: IF LP Exp RP Stmt •
   29     | IF LP Exp RP Stmt • ELSE Stmt

    ELSE  偏移，并进入状态 109

    ELSE      [使用规则 28 以归约 (Stmt)]
    $default  使用规则 28 以归约 (Stmt)


状态 108

   30 Stmt: WHILE LP Exp RP Stmt •

    $default  使用规则 30 以归约 (Stmt)


状态 109

   29 Stmt: IF LP Exp RP Stmt ELSE • Stmt

    INT     偏移，并进入状态 45
    FLOAT   偏移，并进入状态 46
    ID      偏移，并进入状态 47
    MINUS   偏移，并进入状态 48
    NOT     偏移，并进入状态 49
    LP      偏移，并进入状态 50
    LC      偏移，并进入状态 23
    RETURN  偏移，并进入状态 51
    IF      偏移，并进入状态 52
    WHILE   偏移，并进入状态 53

    CompSt  转到状态 54
    Stmt    转到状态 110
    Exp     转到状态 57


状态 110

   29 Stmt: IF LP Exp RP Stmt ELSE Stmt •

    $default  使用规则 29 以归约 (Stmt)
